[INFO] Scanning for projects...
[INFO]
[INFO] ----------------------< com.gastapp:gastapp-web >-----------------------
[INFO] Building gastapp-web 1.0.0-SNAPSHOT
[INFO]   from pom.xml
[INFO] --------------------------------[ jar ]---------------------------------
[INFO]
[INFO] --- clean:3.3.2:clean (default-clean) @ gastapp-web ---
[INFO] Deleting /app/target
[INFO]
[INFO] >>> spring-boot:3.2.5:run (default-cli) > test-compile @ gastapp-web >>>
[INFO]
[INFO] --- resources:3.3.1:resources (default-resources) @ gastapp-web ---
[INFO] Copying 1 resource from src/main/resources to target/classes
[INFO] Copying 20 resources from src/main/resources to target/classes
[INFO]
[INFO] --- compiler:3.11.0:compile (default-compile) @ gastapp-web ---
[INFO] Changes detected - recompiling the module! :source
[INFO] Compiling 49 source files with javac [debug release 17] to target/classes
[INFO] Annotation processing is enabled because one or more processors were found
  on the class path. A future release of javac may disable annotation processing
  unless at least one processor is specified by name (-processor), or a search
  path is specified (--processor-path, --processor-module-path), or annotation
  processing is enabled explicitly (-proc:only, -proc:full).
  Use -Xlint:-options to suppress this message.
  Use -proc:none to disable annotation processing.
[WARNING] /app/src/main/java/com/gastapp/model/Expense.java:[52,21] @Builder will ignore the initializing expression entirely. If you want the initializing expression to serve as default, add @Builder.Default. If it is not supposed to be settable during building, make the field final.
[WARNING] /app/src/main/java/com/gastapp/model/Expense.java:[55,21] @Builder will ignore the initializing expression entirely. If you want the initializing expression to serve as default, add @Builder.Default. If it is not supposed to be settable during building, make the field final.
[WARNING] /app/src/main/java/com/gastapp/model/Expense.java:[58,21] @Builder will ignore the initializing expression entirely. If you want the initializing expression to serve as default, add @Builder.Default. If it is not supposed to be settable during building, make the field final.
[WARNING] /app/src/main/java/com/gastapp/service/BalanceService.java:[50,23] deprecated item is not annotated with @Deprecated
[INFO]
[INFO] --- resources:3.3.1:testResources (default-testResources) @ gastapp-web ---
[INFO] skip non existing resourceDirectory /app/src/test/resources
[INFO]
[INFO] --- compiler:3.11.0:testCompile (default-testCompile) @ gastapp-web ---
[INFO] Changes detected - recompiling the module! :dependency
[INFO] Compiling 1 source file with javac [debug release 17] to target/test-classes
[INFO] Annotation processing is enabled because one or more processors were found
  on the class path. A future release of javac may disable annotation processing
  unless at least one processor is specified by name (-processor), or a search
  path is specified (--processor-path, --processor-module-path), or annotation
  processing is enabled explicitly (-proc:only, -proc:full).
  Use -Xlint:-options to suppress this message.
  Use -proc:none to disable annotation processing.
[INFO]
[INFO] <<< spring-boot:3.2.5:run (default-cli) < test-compile @ gastapp-web <<<
[INFO]
[INFO]
[INFO] --- spring-boot:3.2.5:run (default-cli) @ gastapp-web ---
[INFO] Attaching agents: []

  .   ____          _            __ _ _
 /\\ / ___'_ __ _ _(_)_ __  __ _ \ \ \ \
( ( )\___ | '_ | '_| | '_ \/ _` | \ \ \ \
 \\/  ___)| |_)| | | | | || (_| |  ) ) ) )
  '  |____| .__|_| |_|_| |_\__, | / / / /
 =========|_|==============|___/=/_/_/_/
 :: Spring Boot ::                (v3.2.5)

2026-02-04T19:29:43.898Z  INFO 138089 --- [gastapp-web] [           main] com.gastapp.GastappWebApplication        : Starting GastappWebApplication using Java 21.0.9 with PID 138089 (/app/target/classes started by jules in /app)
2026-02-04T19:29:43.909Z  INFO 138089 --- [gastapp-web] [           main] com.gastapp.GastappWebApplication        : The following 1 profile is active: "dev"
2026-02-04T19:29:45.801Z  INFO 138089 --- [gastapp-web] [           main] .s.d.r.c.RepositoryConfigurationDelegate : Bootstrapping Spring Data JPA repositories in DEFAULT mode.
2026-02-04T19:29:45.895Z  INFO 138089 --- [gastapp-web] [           main] .s.d.r.c.RepositoryConfigurationDelegate : Finished Spring Data repository scanning in 85 ms. Found 6 JPA repository interfaces.
2026-02-04T19:29:46.882Z  INFO 138089 --- [gastapp-web] [           main] o.s.b.w.embedded.tomcat.TomcatWebServer  : Tomcat initialized with port 8080 (http)
2026-02-04T19:29:46.925Z  INFO 138089 --- [gastapp-web] [           main] o.apache.catalina.core.StandardService   : Starting service [Tomcat]
2026-02-04T19:29:46.926Z  INFO 138089 --- [gastapp-web] [           main] o.apache.catalina.core.StandardEngine    : Starting Servlet engine: [Apache Tomcat/10.1.20]
2026-02-04T19:29:47.106Z  INFO 138089 --- [gastapp-web] [           main] o.a.c.c.C.[Tomcat].[localhost].[/]       : Initializing Spring embedded WebApplicationContext
2026-02-04T19:29:47.110Z  INFO 138089 --- [gastapp-web] [           main] w.s.c.ServletWebServerApplicationContext : Root WebApplicationContext: initialization completed in 3043 ms
2026-02-04T19:29:47.208Z  INFO 138089 --- [gastapp-web] [           main] com.zaxxer.hikari.HikariDataSource       : HikariPool-1 - Starting...
2026-02-04T19:29:47.776Z  INFO 138089 --- [gastapp-web] [           main] com.zaxxer.hikari.pool.HikariPool        : HikariPool-1 - Added connection conn0: url=jdbc:h2:file:./data/gastapp user=SA
2026-02-04T19:29:47.778Z  INFO 138089 --- [gastapp-web] [           main] com.zaxxer.hikari.HikariDataSource       : HikariPool-1 - Start completed.
2026-02-04T19:29:47.793Z  INFO 138089 --- [gastapp-web] [           main] o.s.b.a.h2.H2ConsoleAutoConfiguration    : H2 console available at '/h2-console'. Database available at 'jdbc:h2:file:./data/gastapp'
2026-02-04T19:29:48.043Z  INFO 138089 --- [gastapp-web] [           main] o.hibernate.jpa.internal.util.LogHelper  : HHH000204: Processing PersistenceUnitInfo [name: default]
2026-02-04T19:29:48.158Z  INFO 138089 --- [gastapp-web] [           main] org.hibernate.Version                    : HHH000412: Hibernate ORM core version 6.4.4.Final
2026-02-04T19:29:48.203Z  INFO 138089 --- [gastapp-web] [           main] o.h.c.internal.RegionFactoryInitiator    : HHH000026: Second-level cache disabled
2026-02-04T19:29:48.530Z  INFO 138089 --- [gastapp-web] [           main] o.s.o.j.p.SpringPersistenceUnitInfo      : No LoadTimeWeaver setup: ignoring JPA class transformer
2026-02-04T19:29:48.587Z  WARN 138089 --- [gastapp-web] [           main] org.hibernate.orm.deprecation            : HHH90000025: H2Dialect does not need to be specified explicitly using 'hibernate.dialect' (remove the property setting and it will be selected by default)
2026-02-04T19:29:50.412Z  INFO 138089 --- [gastapp-web] [           main] o.h.e.t.j.p.i.JtaPlatformInitiator       : HHH000489: No JTA platform available (set 'hibernate.transaction.jta.platform' to enable JTA platform integration)
2026-02-04T19:29:50.655Z  INFO 138089 --- [gastapp-web] [           main] j.LocalContainerEntityManagerFactoryBean : Initialized JPA EntityManagerFactory for persistence unit 'default'
2026-02-04T19:29:51.557Z  INFO 138089 --- [gastapp-web] [           main] o.s.d.j.r.query.QueryEnhancerFactory     : Hibernate is in classpath; If applicable, HQL parser will be used.
2026-02-04T19:29:54.171Z  INFO 138089 --- [gastapp-web] [           main] o.s.s.web.DefaultSecurityFilterChain     : Will secure any request with [org.springframework.security.web.session.DisableEncodeUrlFilter@1d021496, org.springframework.security.web.context.request.async.WebAsyncManagerIntegrationFilter@1dfdddfa, org.springframework.security.web.context.SecurityContextHolderFilter@6f45872b, org.springframework.security.web.header.HeaderWriterFilter@38a77e1b, org.springframework.web.filter.CorsFilter@3335713, org.springframework.security.web.csrf.CsrfFilter@44474e84, org.springframework.security.web.authentication.logout.LogoutFilter@66f18fa, org.springframework.security.web.authentication.UsernamePasswordAuthenticationFilter@5b58b11f, org.springframework.security.web.savedrequest.RequestCacheAwareFilter@4631ecf5, org.springframework.security.web.servletapi.SecurityContextHolderAwareRequestFilter@2892b704, org.springframework.security.web.authentication.AnonymousAuthenticationFilter@3f6b01b, org.springframework.security.web.access.ExceptionTranslationFilter@1dfd27fe, org.springframework.security.web.access.intercept.AuthorizationFilter@3906de9]
2026-02-04T19:29:54.713Z  INFO 138089 --- [gastapp-web] [           main] o.s.b.w.embedded.tomcat.TomcatWebServer  : Tomcat started on port 8080 (http) with context path ''
2026-02-04T19:29:54.728Z  INFO 138089 --- [gastapp-web] [           main] com.gastapp.GastappWebApplication        : Started GastappWebApplication in 11.719 seconds (process running for 12.819)
2026-02-04T19:29:55.287Z  INFO 138089 --- [gastapp-web] [           main] com.gastapp.config.DataLoader            : Usuario de prueba creado: test@gastapp.com
2026-02-04T19:29:55.403Z  INFO 138089 --- [gastapp-web] [           main] com.gastapp.config.DataLoader            : Datos de prueba creados: usuario, categoría, cuenta, ingreso 1000$, presupuesto 500$, gastos 3 total
2026-02-04T19:30:52.248Z  INFO 138089 --- [gastapp-web] [0.0-8080-exec-1] o.a.c.c.C.[Tomcat].[localhost].[/]       : Initializing Spring DispatcherServlet 'dispatcherServlet'
2026-02-04T19:30:52.248Z  INFO 138089 --- [gastapp-web] [0.0-8080-exec-1] o.s.web.servlet.DispatcherServlet        : Initializing Servlet 'dispatcherServlet'
2026-02-04T19:30:52.251Z  INFO 138089 --- [gastapp-web] [0.0-8080-exec-1] o.s.web.servlet.DispatcherServlet        : Completed initialization in 2 ms
